<?xml version="1.0" encoding="UTF-8"?>
<!-- Generated by org.testng.reporters.JUnitXMLReporter -->
<testsuite hostname="slave" name="Test-class test" tests="2" failures="0" timestamp="19 Dec 2019 05:21:09 GMT" time="10.345" errors="0">
  <testcase name="testcase2" time="9.784" classname="test.TestCases"/>
  <testcase name="testcase1" time="10.331" classname="test.TestCases"/>
</testsuite> <!-- Test-class test -->
