<?xml version="1.0" encoding="UTF-8"?>
<!-- Generated by org.testng.reporters.JUnitReportReporter -->
<testsuite hostname="slave" name="test.TestCases" tests="2" failures="0" timestamp="19 Dec 2019 05:21:09 GMT" time="20.115" errors="0">
  <testcase name="testcase1" time="10.331" classname="test.TestCases"/>
  <testcase name="testcase2" time="9.784" classname="test.TestCases"/>
</testsuite> <!-- test.TestCases -->
